容쯑START] 2026-03-26T15:19:53
JAVA_HOME set to C:\Users\Usuario\Desktop\SE\openjdk-25.0.2_windows-x64_bin\jdk-25.0.2
mvn not found; installing via winget...

   - 
   \ 
   | 
   / 
   - 
                                                                                                                        

  칎칱칡칎칱칡칎칱칡칎칱칡칎칱칡칎칱칡칎칱칡칎칱칡칎칱칡칎칱칡칎칱칁칎칱칁칎칱칁칎칱칁칎칱칁칎칱칁칎칱칁칎칱칁칎칱칁칎칱칁칎칱칁칎칱칁칎칱칁칎칱칁칎칱칁칎칱칁칎칱칁칎칱칁칎칱칁칎칱칁  1024 KB / 2.74 MB
  칎칱칡칎칱칡칎칱칡칎칱칡칎칱칡칎칱칡칎칱칡칎칱칡칎칱칡칎칱칡칎칱칡칎칱칡칎칱칡칎칱칡칎칱칡칎칱칡칎칱칡칎칱칡칎칱칡칎칱칡칎칱칡칎칱칁칎칱칁칎칱칁칎칱칁칎칱칁칎칱칁칎칱칁칎칱칁칎칱칁  2.00 MB / 2.74 MB
  칎칱칡칎칱칡칎칱칡칎칱칡칎칱칡칎칱칡칎칱칡칎칱칡칎칱칡칎칱칡칎칱칡칎칱칡칎칱칡칎칱칡칎칱칡칎칱칡칎칱칡칎칱칡칎칱칡칎칱칡칎칱칡칎칱칡칎칱칡칎칱칡칎칱칡칎칱칡칎칱칡칎칱칡칎칱칡칎칱칡  2.74 MB / 2.74 MB
                                                                                                                        

  칎칱칁칎칱칁칎칱칁칎칱칁칎칱칁칎칱칁칎칱칁칎칱칁칎칱칁칎칱칁칎칱칁칎칱칁칎칱칁칎칱칁칎칱칁칎칱칁칎칱칁칎칱칁칎칱칁칎칱칁칎칱칁칎칱칁칎칱칁칎칱칁칎칱칁칎칱칁칎칱칁칎칱칁칎칱칁칎칱칁  0%
  칎칱칁칎칱칁칎칱칁칎칱칁칎칱칁칎칱칁칎칱칁칎칱칁칎칱칁칎칱칁칎칱칁칎칱칁칎칱칁칎칱칁칎칱칁칎칱칁칎칱칁칎칱칁칎칱칁칎칱칁칎칱칁칎칱칁칎칱칁칎칱칁칎칱칁칎칱칁칎칱칁칎칱칁칎칱칁칎칱칁  0%
  칎칱칁칎칱칁칎칱칁칎칱칁칎칱칁칎칱칁칎칱칁칎칱칁칎칱칁칎칱칁칎칱칁칎칱칁칎칱칁칎칱칁칎칱칁칎칱칁칎칱칁칎칱칁칎칱칁칎칱칁칎칱칁칎칱칁칎칱칁칎칱칁칎칱칁칎칱칁칎칱칁칎칱칁칎칱칁칎칱칁  1%
  칎칱칁칎칱칁칎칱칁칎칱칁칎칱칁칎칱칁칎칱칁칎칱칁칎칱칁칎칱칁칎칱칁칎칱칁칎칱칁칎칱칁칎칱칁칎칱칁칎칱칁칎칱칁칎칱칁칎칱칁칎칱칁칎칱칁칎칱칁칎칱칁칎칱칁칎칱칁칎칱칁칎칱칁칎칱칁칎칱칁  2%
  칎칱칁칎칱칁칎칱칁칎칱칁칎칱칁칎칱칁칎칱칁칎칱칁칎칱칁칎칱칁칎칱칁칎칱칁칎칱칁칎칱칁칎칱칁칎칱칁칎칱칁칎칱칁칎칱칁칎칱칁칎칱칁칎칱칁칎칱칁칎칱칁칎칱칁칎칱칁칎칱칁칎칱칁칎칱칁칎칱칁  3%
  칎칱칡칎칱칁칎칱칁칎칱칁칎칱칁칎칱칁칎칱칁칎칱칁칎칱칁칎칱칁칎칱칁칎칱칁칎칱칁칎칱칁칎칱칁칎칱칁칎칱칁칎칱칁칎칱칁칎칱칁칎칱칁칎칱칁칎칱칁칎칱칁칎칱칁칎칱칁칎칱칁칎칱칁칎칱칁칎칱칁  4%
  칎칱칡칎칱칁칎칱칁칎칱칁칎칱칁칎칱칁칎칱칁칎칱칁칎칱칁칎칱칁칎칱칁칎칱칁칎칱칁칎칱칁칎칱칁칎칱칁칎칱칁칎칱칁칎칱칁칎칱칁칎칱칁칎칱칁칎칱칁칎칱칁칎칱칁칎칱칁칎칱칁칎칱칁칎칱칁칎칱칁  5%
  칎칱칡칎칱칁칎칱칁칎칱칁칎칱칁칎칱칁칎칱칁칎칱칁칎칱칁칎칱칁칎칱칁칎칱칁칎칱칁칎칱칁칎칱칁칎칱칁칎칱칁칎칱칁칎칱칁칎칱칁칎칱칁칎칱칁칎칱칁칎칱칁칎칱칁칎칱칁칎칱칁칎칱칁칎칱칁칎칱칁  6%
  칎칱칡칎칱칡칎칱칁칎칱칁칎칱칁칎칱칁칎칱칁칎칱칁칎칱칁칎칱칁칎칱칁칎칱칁칎칱칁칎칱칁칎칱칁칎칱칁칎칱칁칎칱칁칎칱칁칎칱칁칎칱칁칎칱칁칎칱칁칎칱칁칎칱칁칎칱칁칎칱칁칎칱칁칎칱칁칎칱칁  7%
  칎칱칡칎칱칡칎칱칡칎칱칁칎칱칁칎칱칁칎칱칁칎칱칁칎칱칁칎칱칁칎칱칁칎칱칁칎칱칁칎칱칁칎칱칁칎칱칁칎칱칁칎칱칁칎칱칁칎칱칁칎칱칁칎칱칁칎칱칁칎칱칁칎칱칁칎칱칁칎칱칁칎칱칁칎칱칁칎칱칁  11%
  칎칱칡칎칱칡칎칱칡칎칱칁칎칱칁칎칱칁칎칱칁칎칱칁칎칱칁칎칱칁칎칱칁칎칱칁칎칱칁칎칱칁칎칱칁칎칱칁칎칱칁칎칱칁칎칱칁칎칱칁칎칱칁칎칱칁칎칱칁칎칱칁칎칱칁칎칱칁칎칱칁칎칱칁칎칱칁칎칱칁  12%
  칎칱칡칎칱칡칎칱칡칎칱칡칎칱칡칎칱칡칎칱칡칎칱칁칎칱칁칎칱칁칎칱칁칎칱칁칎칱칁칎칱칁칎칱칁칎칱칁칎칱칁칎칱칁칎칱칁칎칱칁칎칱칁칎칱칁칎칱칁칎칱칁칎칱칁칎칱칁칎칱칁칎칱칁칎칱칁칎칱칁  26%
  칎칱칡칎칱칡칎칱칡칎칱칡칎칱칡칎칱칡칎칱칡칎칱칡칎칱칁칎칱칁칎칱칁칎칱칁칎칱칁칎칱칁칎칱칁칎칱칁칎칱칁칎칱칁칎칱칁칎칱칁칎칱칁칎칱칁칎칱칁칎칱칁칎칱칁칎칱칁칎칱칁칎칱칁칎칱칁칎칱칁  27%
  칎칱칡칎칱칡칎칱칡칎칱칡칎칱칡칎칱칡칎칱칡칎칱칡칎칱칡칎칱칡칎칱칡칎칱칡칎칱칁칎칱칁칎칱칁칎칱칁칎칱칁칎칱칁칎칱칁칎칱칁칎칱칁칎칱칁칎칱칁칎칱칁칎칱칁칎칱칁칎칱칁칎칱칁칎칱칁칎칱칁  41%
  칎칱칡칎칱칡칎칱칡칎칱칡칎칱칡칎칱칡칎칱칡칎칱칡칎칱칡칎칱칡칎칱칡칎칱칡칎칱칡칎칱칡칎칱칡칎칱칡칎칱칁칎칱칁칎칱칁칎칱칁칎칱칁칎칱칁칎칱칁칎칱칁칎칱칁칎칱칁칎칱칁칎칱칁칎칱칁칎칱칁  54%
  칎칱칡칎칱칡칎칱칡칎칱칡칎칱칡칎칱칡칎칱칡칎칱칡칎칱칡칎칱칡칎칱칡칎칱칡칎칱칡칎칱칡칎칱칡칎칱칡칎칱칁칎칱칁칎칱칁칎칱칁칎칱칁칎칱칁칎칱칁칎칱칁칎칱칁칎칱칁칎칱칁칎칱칁칎칱칁칎칱칁  55%
  칎칱칡칎칱칡칎칱칡칎칱칡칎칱칡칎칱칡칎칱칡칎칱칡칎칱칡칎칱칡칎칱칡칎칱칡칎칱칡칎칱칡칎칱칡칎칱칡칎칱칁칎칱칁칎칱칁칎칱칁칎칱칁칎칱칁칎칱칁칎칱칁칎칱칁칎칱칁칎칱칁칎칱칁칎칱칁칎칱칁  56%
  칎칱칡칎칱칡칎칱칡칎칱칡칎칱칡칎칱칡칎칱칡칎칱칡칎칱칡칎칱칡칎칱칡칎칱칡칎칱칡칎칱칡칎칱칡칎칱칡칎칱칡칎칱칁칎칱칁칎칱칁칎칱칁칎칱칁칎칱칁칎칱칁칎칱칁칎칱칁칎칱칁칎칱칁칎칱칁칎칱칁  56%
  칎칱칡칎칱칡칎칱칡칎칱칡칎칱칡칎칱칡칎칱칡칎칱칡칎칱칡칎칱칡칎칱칡칎칱칡칎칱칡칎칱칡칎칱칡칎칱칡칎칱칡칎칱칁칎칱칁칎칱칁칎칱칁칎칱칁칎칱칁칎칱칁칎칱칁칎칱칁칎칱칁칎칱칁칎칱칁칎칱칁  57%
  칎칱칡칎칱칡칎칱칡칎칱칡칎칱칡칎칱칡칎칱칡칎칱칡칎칱칡칎칱칡칎칱칡칎칱칡칎칱칡칎칱칡칎칱칡칎칱칡칎칱칡칎칱칁칎칱칁칎칱칁칎칱칁칎칱칁칎칱칁칎칱칁칎칱칁칎칱칁칎칱칁칎칱칁칎칱칁칎칱칁  59%
  칎칱칡칎칱칡칎칱칡칎칱칡칎칱칡칎칱칡칎칱칡칎칱칡칎칱칡칎칱칡칎칱칡칎칱칡칎칱칡칎칱칡칎칱칡칎칱칡칎칱칡칎칱칡칎칱칁칎칱칁칎칱칁칎칱칁칎칱칁칎칱칁칎칱칁칎칱칁칎칱칁칎칱칁칎칱칁칎칱칁  60%
  칎칱칡칎칱칡칎칱칡칎칱칡칎칱칡칎칱칡칎칱칡칎칱칡칎칱칡칎칱칡칎칱칡칎칱칡칎칱칡칎칱칡칎칱칡칎칱칡칎칱칡칎칱칡칎칱칁칎칱칁칎칱칁칎칱칁칎칱칁칎칱칁칎칱칁칎칱칁칎칱칁칎칱칁칎칱칁칎칱칁  61%
  칎칱칡칎칱칡칎칱칡칎칱칡칎칱칡칎칱칡칎칱칡칎칱칡칎칱칡칎칱칡칎칱칡칎칱칡칎칱칡칎칱칡칎칱칡칎칱칡칎칱칡칎칱칡칎칱칁칎칱칁칎칱칁칎칱칁칎칱칁칎칱칁칎칱칁칎칱칁칎칱칁칎칱칁칎칱칁칎칱칁  62%
  칎칱칡칎칱칡칎칱칡칎칱칡칎칱칡칎칱칡칎칱칡칎칱칡칎칱칡칎칱칡칎칱칡칎칱칡칎칱칡칎칱칡칎칱칡칎칱칡칎칱칡칎칱칡칎칱칁칎칱칁칎칱칁칎칱칁칎칱칁칎칱칁칎칱칁칎칱칁칎칱칁칎칱칁칎칱칁칎칱칁  63%
  칎칱칡칎칱칡칎칱칡칎칱칡칎칱칡칎칱칡칎칱칡칎칱칡칎칱칡칎칱칡칎칱칡칎칱칡칎칱칡칎칱칡칎칱칡칎칱칡칎칱칡칎칱칡칎칱칡칎칱칁칎칱칁칎칱칁칎칱칁칎칱칁칎칱칁칎칱칁칎칱칁칎칱칁칎칱칁칎칱칁  64%
  칎칱칡칎칱칡칎칱칡칎칱칡칎칱칡칎칱칡칎칱칡칎칱칡칎칱칡칎칱칡칎칱칡칎칱칡칎칱칡칎칱칡칎칱칡칎칱칡칎칱칡칎칱칡칎칱칡칎칱칁칎칱칁칎칱칁칎칱칁칎칱칁칎칱칁칎칱칁칎칱칁칎칱칁칎칱칁칎칱칁  65%
  칎칱칡칎칱칡칎칱칡칎칱칡칎칱칡칎칱칡칎칱칡칎칱칡칎칱칡칎칱칡칎칱칡칎칱칡칎칱칡칎칱칡칎칱칡칎칱칡칎칱칡칎칱칡칎칱칡칎칱칁칎칱칁칎칱칁칎칱칁칎칱칁칎칱칁칎칱칁칎칱칁칎칱칁칎칱칁칎칱칁  66%
  칎칱칡칎칱칡칎칱칡칎칱칡칎칱칡칎칱칡칎칱칡칎칱칡칎칱칡칎칱칡칎칱칡칎칱칡칎칱칡칎칱칡칎칱칡칎칱칡칎칱칡칎칱칡칎칱칡칎칱칡칎칱칁칎칱칁칎칱칁칎칱칁칎칱칁칎칱칁칎칱칁칎칱칁칎칱칁칎칱칁  67%
  칎칱칡칎칱칡칎칱칡칎칱칡칎칱칡칎칱칡칎칱칡칎칱칡칎칱칡칎칱칡칎칱칡칎칱칡칎칱칡칎칱칡칎칱칡칎칱칡칎칱칡칎칱칡칎칱칡칎칱칡칎칱칡칎칱칡칎칱칁칎칱칁칎칱칁칎칱칁칎칱칁칎칱칁칎칱칁칎칱칁  75%
  칎칱칡칎칱칡칎칱칡칎칱칡칎칱칡칎칱칡칎칱칡칎칱칡칎칱칡칎칱칡칎칱칡칎칱칡칎칱칡칎칱칡칎칱칡칎칱칡칎칱칡칎칱칡칎칱칡칎칱칡칎칱칡칎칱칡칎칱칡칎칱칡칎칱칁칎칱칁칎칱칁칎칱칁칎칱칁칎칱칁  80%
  칎칱칡칎칱칡칎칱칡칎칱칡칎칱칡칎칱칡칎칱칡칎칱칡칎칱칡칎칱칡칎칱칡칎칱칡칎칱칡칎칱칡칎칱칡칎칱칡칎칱칡칎칱칡칎칱칡칎칱칡칎칱칡칎칱칡칎칱칡칎칱칡칎칱칁칎칱칁칎칱칁칎칱칁칎칱칁칎칱칁  82%
  칎칱칡칎칱칡칎칱칡칎칱칡칎칱칡칎칱칡칎칱칡칎칱칡칎칱칡칎칱칡칎칱칡칎칱칡칎칱칡칎칱칡칎칱칡칎칱칡칎칱칡칎칱칡칎칱칡칎칱칡칎칱칡칎칱칡칎칱칡칎칱칡칎칱칡칎칱칡칎칱칁칎칱칁칎칱칁칎칱칁  88%
  칎칱칡칎칱칡칎칱칡칎칱칡칎칱칡칎칱칡칎칱칡칎칱칡칎칱칡칎칱칡칎칱칡칎칱칡칎칱칡칎칱칡칎칱칡칎칱칡칎칱칡칎칱칡칎칱칡칎칱칡칎칱칡칎칱칡칎칱칡칎칱칡칎칱칡칎칱칡칎칱칡칎칱칡칎칱칡칎칱칁  99%
  칎칱칡칎칱칡칎칱칡칎칱칡칎칱칡칎칱칡칎칱칡칎칱칡칎칱칡칎칱칡칎칱칡칎칱칡칎칱칡칎칱칡칎칱칡칎칱칡칎칱칡칎칱칡칎칱칡칎칱칡칎칱칡칎칱칡칎칱칡칎칱칡칎칱칡칎칱칡칎칱칡칎칱칡칎칱칡칎칱칁  99%
  칎칱칡칎칱칡칎칱칡칎칱칡칎칱칡칎칱칡칎칱칡칎칱칡칎칱칡칎칱칡칎칱칡칎칱칡칎칱칡칎칱칡칎칱칡칎칱칡칎칱칡칎칱칡칎칱칡칎칱칡칎칱칡칎칱칡칎칱칡칎칱칡칎칱칡칎칱칡칎칱칡칎칱칡칎칱칡칎칱칡  100%
                                                                                                                        

   - 
   \ 
                                                                                                                        
No package found matching input criteria.
Could not resolve Maven home
--- java -version ---
--- mvn -v ---
[END] 2026-03-26T15:19:58
